android/app/build/outputs/mapping/release/seeds.txt
com.turnout.android.MainActivity_GeneratedInjector
com.turnout.android.data.remote.api.AuthApi
com.turnout.android.core.notifications.TurnoutFirebaseService
com.turnout.android.TurnoutApplication
com.turnout.android.MainActivity
com.turnout.android.TurnoutApplication_GeneratedInjector
com.turnout.android.data.remote.api.AuthApi: java.lang.Object logout(kotlin.coroutines.Continuation)
com.turnout.android.core.components.ButtonVariant: com.turnout.android.core.components.ButtonVariant[] values()
com.turnout.android.core.components.ButtonVariant: com.turnout.android.core.components.ButtonVariant valueOf(java.lang.String)
com.turnout.android.data.remote.api.AuthApi: java.lang.Object login(com.turnout.android.data.remote.dto.LoginRequest,kotlin.coroutines.Continuation)
com.turnout.android.data.remote.api.AuthApi: java.lang.Object verifyOtp(com.turnout.android.data.remote.dto.OtpRequest,kotlin.coroutines.Continuation)
com.turnout.android.data.remote.api.AuthApi: java.lang.Object refresh(java.lang.String,kotlin.coroutines.Continuation)
com.turnout.android.data.remote.api.AuthApi: java.lang.Object resendOtp(com.turnout.android.data.remote.dto.EmailRequest,kotlin.coroutines.Continuation)
com.turnout.android.core.notifications.TurnoutFirebaseService: TurnoutFirebaseService()
com.turnout.android.data.remote.api.AuthApi: java.lang.Object resetPassword(com.turnout.android.data.remote.dto.ResetPasswordRequest,kotlin.coroutines.Continuation)
com.turnout.android.data.remote.api.AuthApi: java.lang.Object getCurrentUser(kotlin.coroutines.Continuation)
com.turnout.android.MainActivity: MainActivity()
com.turnout.android.data.remote.api.AuthApi: java.lang.Object register(com.turnout.android.data.remote.dto.RegisterRequest,kotlin.coroutines.Continuation)
com.turnout.android.data.remote.api.AuthApi: java.lang.Object forgotPassword(com.turnout.android.data.remote.dto.EmailRequest,kotlin.coroutines.Continuation)
com.turnout.android.TurnoutApplication: TurnoutApplication()
...
androidx.compose.foundation.text.KeyCommand: androidx.compose.foundation.text.KeyCommand valueOf(java.lang.String)
kotlinx.coroutines.android.AndroidExceptionPreHandler: void handleException(kotlin.coroutines.CoroutineContext,java.lang.Throwable)
com.google.gson.LongSerializationPolicy: com.google.gson.LongSerializationPolicy valueOf(java.lang.String)
androidx.core.view.WindowInsetsCompat$Impl29: androidx.core.graphics.Insets getTappableElementInsets()
androidx.core.view.accessibility.AccessibilityNodeInfoCompat$Api34Impl: void getBoundsInWindow(android.view.accessibility.AccessibilityNodeInfo,android.graphics.Rect)
androidx.appcompat.widget.AppCompatTextHelper$Api24Impl: android.os.LocaleList forLanguageTags(java.lang.String)
com.google.crypto.tink.shaded.protobuf.WireFormat$FieldType: com.google.crypto.tink.shaded.protobuf.WireFormat$FieldType[] values()
com.google.android.material.chip.Chip: java.lang.CharSequence getAccessibilityClassName()
androidx.core.view.WindowInsetsCompat$Impl20: WindowInsetsCompat$Impl20(androidx.core.view.WindowInsetsCompat,android.view.WindowInsets)
com.google.android.material.chip.Chip: void setCheckable(boolean)
androidx.appcompat.widget.Toolbar: void setOnMenuItemClickListener(androidx.appcompat.widget.Toolbar$OnMenuItemClickListener)
androidx.core.app.NotificationCompat$BigPictureStyle$Api23Impl: void setBigLargeIcon(android.app.Notification$BigPictureStyle,android.graphics.drawable.Icon)
com.google.android.material.textfield.TextInputLayout: TextInputLayout(android.content.Context,android.util.AttributeSet)
androidx.appcompat.widget.AppCompatTextView: android.content.res.ColorStateList getSupportCompoundDrawablesTintList()
androidx.appcompat.widget.ActionBarOverlayLayout: void setShowingForActionMode(boolean)
com.google.android.material.textfield.TextInputLayout: void setPasswordVisibilityToggleDrawable(int)
androidx.appcompat.widget.ActionBarContextView: ActionBarContextView(android.content.Context,android.util.AttributeSet)
androidx.constraintlayout.widget.ConstraintLayout: void setOnConstraintsChanged(androidx.constraintlayout.widget.ConstraintsChangedListener)
androidx.appcompat.widget.AppCompatCheckBox: void setSupportButtonTintList(android.content.res.ColorStateList)
androidx.appcompat.widget.Toolbar: void setLogoDescription(int)
com.google.android.material.textfield.TextInputLayout: void setPrefixText(java.lang.CharSequence)
androidx.compose.ui.platform.AndroidComposeView: androidx.compose.ui.text.font.FontFamily$Resolver getFontFamilyResolver()
com.google.android.material.chip.Chip: void setCloseIconStartPaddingResource(int)
androidx.constraintlayout.helper.widget.Flow: void setPaddingLeft(int)
androidx.appcompat.widget.FitWindowsFrameLayout: void setOnFitSystemWindowsListener(androidx.appcompat.widget.FitWindowsViewGroup$OnFitSystemWindowsListener)
androidx.appcompat.widget.AppCompatTextViewAutoSizeHelper$Impl29: boolean isHorizontallyScrollable(android.widget.TextView)
androidx.compose.foundation.layout.SizeMode: androidx.compose.foundation.layout.SizeMode[] values()
androidx.appcompat.widget.AppCompatReceiveContentHelper$OnDropApi24Impl: boolean onDropForTextView(android.view.DragEvent,android.widget.TextView,android.app.Activity)
androidx.constraintlayout.widget.ConstraintAttribute$AttributeType: androidx.constraintlayout.widget.ConstraintAttribute$AttributeType[] values()
androidx.core.view.MenuItemCompat$Api26Impl: int getAlphabeticModifiers(android.view.MenuItem)
androidx.compose.ui.input.pointer.PointerEventPass: androidx.compose.ui.input.pointer.PointerEventPass valueOf(java.lang.String)
androidx.compose.ui.platform.AndroidComposeView: androidx.compose.ui.input.pointer.PointerIconService getPointerIconService()
androidx.appcompat.widget.ActionBarContainer: void setVisibility(int)
com.google.android.material.button.MaterialButtonToggleGroup: void setGeneratedIdIfNeeded(com.google.android.material.button.MaterialButton)