android/app/build/outputs/mapping/release/usage.txt
com.turnout.android.BuildConfig:
    public static final java.lang.String API_BASE_URL
    public static final java.lang.String APPLICATION_ID
    public static final java.lang.String BUILD_TYPE
    public static final boolean DEBUG
    public static final java.lang.String RSVP_BASE_URL
    public static final int VERSION_CODE
    public static final java.lang.String VERSION_NAME
    public static final java.lang.String WS_BASE_URL
    public void <init>()
com.turnout.android.DaggerTurnoutApplication_HiltComponents_SingletonC$ActivityCImpl$LazyClassKeyProvider:
    com.turnout.android.presentation.MainViewModel com_turnout_android_presentation_MainViewModel2
    com.turnout.android.presentation.auth.AuthViewModel com_turnout_android_presentation_auth_AuthViewModel2
    com.turnout.android.presentation.auth.forgot.ForgotPasswordViewModel com_turnout_android_presentation_auth_forgot_ForgotPasswordViewModel2
    com.turnout.android.presentation.auth.register.RegisterViewModel com_turnout_android_presentation_auth_register_RegisterViewModel2
    com.turnout.android.presentation.auth.reset.ResetPasswordViewModel com_turnout_android_presentation_auth_reset_ResetPasswordViewModel2
    private void <init>()
com.turnout.android.DaggerTurnoutApplication_HiltComponents_SingletonC$ActivityCImpl:
    public dagger.hilt.android.internal.builders.FragmentComponentBuilder fragmentComponentBuilder()
    public dagger.hilt.android.internal.builders.ViewComponentBuilder viewComponentBuilder()
com.turnout.android.DaggerTurnoutApplication_HiltComponents_SingletonC$FragmentCBuilder
com.turnout.android.DaggerTurnoutApplication_HiltComponents_SingletonC$FragmentCImpl
com.turnout.android.DaggerTurnoutApplication_HiltComponents_SingletonC$ServiceCBuilder
com.turnout.android.DaggerTurnoutApplication_HiltComponents_SingletonC$ServiceCImpl
com.turnout.android.DaggerTurnoutApplication_HiltComponents_SingletonC$SingletonCImpl:
    public java.util.Set getDisableFragmentGetContextFix()
    public dagger.hilt.android.internal.builders.ServiceComponentBuilder serviceComponentBuilder()
com.turnout.android.DaggerTurnoutApplication_HiltComponents_SingletonC$ViewCBuilder
com.turnout.android.DaggerTurnoutApplication_HiltComponents_SingletonC$ViewCImpl
com.turnout.android.DaggerTurnoutApplication_HiltComponents_SingletonC$ViewModelCImpl$LazyClassKeyProvider:
    com.turnout.android.presentation.MainViewModel com_turnout_android_presentation_MainViewModel2
    com.turnout.android.presentation.auth.AuthViewModel com_turnout_android_presentation_auth_AuthViewModel2
    com.turnout.android.presentation.auth.forgot.ForgotPasswordViewModel com_turnout_android_presentation_auth_forgot_ForgotPasswordViewModel2
    com.turnout.android.presentation.auth.register.RegisterViewModel com_turnout_android_presentation_auth_register_RegisterViewModel2
    com.turnout.android.presentation.auth.reset.ResetPasswordViewModel com_turnout_android_presentation_auth_reset_ResetPasswordViewModel2
    private void <init>()
com.turnout.android.DaggerTurnoutApplication_HiltComponents_SingletonC$ViewWithFragmentCBuilder
com.turnout.android.DaggerTurnoutApplication_HiltComponents_SingletonC$ViewWithFragmentCImpl
com.turnout.android.DaggerTurnoutApplication_HiltComponents_SingletonC:
    private void <init>()
com.turnout.android.Hilt_MainActivity:
    void <init>(int)
    public synthetic bridge dagger.hilt.internal.GeneratedComponentManager componentManager()
com.turnout.android.Hilt_TurnoutApplication:
    public synthetic bridge dagger.hilt.internal.GeneratedComponentManager componentManager()
com.turnout.android.R$drawable:
    public static int ic_splash_t
    private void <init>()
com.turnout.android.R$font:
    private void <init>()
com.turnout.android.R$mipmap
com.turnout.android.R$string
com.turnout.android.R$style
com.turnout.android.R
...
androidx.compose.ui.text.input.RecordingInputConnection:
    private final boolean ensureActive(kotlin.jvm.functions.Function0)
    public final boolean getAutoCorrect()
    public final androidx.compose.ui.text.input.InputEventCallback2 getEventCallback()
    public final androidx.compose.ui.text.input.TextFieldValue getMTextFieldValue$ui_release()
    private final void logDebug(java.lang.String)
androidx.compose.ui.text.input.RecordingInputConnection_androidKt
androidx.compose.ui.text.input.SetComposingRegionCommand:
    public static final int $stable
    public final int getEnd()
    public final int getStart()
androidx.compose.ui.text.input.SetComposingTextCommand:
    public static final int $stable
    public final androidx.compose.ui.text.AnnotatedString getAnnotatedString()
androidx.compose.ui.text.input.SetSelectionCommand:
    public static final int $stable
    public final int getEnd()
    public final int getStart()
androidx.compose.ui.text.input.TextFieldValue$Companion:
    public final androidx.compose.runtime.saveable.Saver getSaver()
androidx.compose.ui.text.input.TextFieldValue:
    public static final int $stable
    public static final synthetic androidx.compose.runtime.saveable.Saver access$getSaver$cp()
androidx.compose.ui.text.input.TextInputService:
    public final void startInput()
    public final void stopInput()
androidx.compose.ui.text.input.TextInputServiceAndroid:
    public final androidx.compose.ui.text.input.TextFieldValue getState$ui_release()
    public void startInput()
androidx.compose.ui.text.input.TextInputServiceAndroid_androidKt:
    private static final java.lang.String DEBUG_CLASS
androidx.compose.ui.text.input.TextInputSession:
    private final boolean ensureOpenSession(kotlin.jvm.functions.Function0)
    public final boolean hideSoftwareKeyboard()
    public final boolean showSoftwareKeyboard()
androidx.compose.ui.text.input.VisualTransformation$Companion:
    public static synthetic void getNone$annotations()
androidx.compose.ui.text.internal.JvmDefaultWithCompatibility_jvmKt
androidx.compose.ui.text.intl.AndroidLocale:
    public java.lang.String getLanguage()
    public java.lang.String getRegion()
    public java.lang.String getScript()
androidx.compose.ui.text.intl.AndroidLocaleDelegateAPI23:
    public static final int $stable
androidx.compose.ui.text.intl.Locale:
    public static final int $stable
    public final java.lang.String getLanguage()
    public final java.lang.String getRegion()
    public final java.lang.String getScript()
androidx.compose.ui.text.intl.LocaleList:
    public static final int $stable
    public void <init>(java.lang.String)
    public varargs void <init>(androidx.compose.ui.text.intl.Locale[])
    public boolean add(androidx.compose.ui.text.intl.Locale)
androidx.compose.ui.text.intl.PlatformLocale:
    public abstract java.lang.String getLanguage()
    public abstract java.lang.String getRegion()
    public abstract java.lang.String getScript()
androidx.compose.ui.text.platform.AndroidDefaultTypeface
androidx.compose.ui.text.platform.AndroidFontListTypeface$Companion
androidx.compose.ui.text.platform.AndroidFontListTypeface
androidx.compose.ui.text.platform.AndroidGenericFontFamilyTypeface
androidx.compose.ui.text.platform.AndroidMultiParagraphDraw_androidKt:
    public static synthetic void drawMultiParagraph-7AXcY_I$default(androidx.compose.ui.text.MultiParagraph,androidx.compose.ui.graphics.Canvas,androidx.compose.ui.graphics.Brush,float,androidx.compose.ui.graphics.Shadow,androidx.compose.ui.text.style.TextDecoration,androidx.compose.ui.graphics.drawscope.DrawStyle,int,int,java.lang.Object)
androidx.compose.ui.text.platform.AndroidParagraphIntrinsics:
    public final androidx.compose.ui.unit.Density getDensity()
    public final java.util.List getPlaceholders()
    public final java.util.List getSpanStyles()
    public final java.lang.String getText()